[2026-02-06 17:49:49] UI: Microsoft.UI.Xaml.Markup.XamlParseException: 无法找到与此错误代码关联的文本。

Cannot find a Resource with the Name/Key PageBackgroundBrush [Line: 0 Position: 0]
   at WinRT.ExceptionHelpers.<ThrowExceptionForHR>g__Throw|38_0(Int32 hr)
   at WinRT.ExceptionHelpers.ThrowExceptionForHR(Int32 hr)
   at ABI.Microsoft.UI.Xaml.IApplicationStaticsMethods.LoadComponent(IObjectReference _obj, Object component, Uri resourceLocator, ComponentResourceLocation componentResourceLocation)
   at Microsoft.UI.Xaml.Application.LoadComponent(Object component, Uri resourceLocator, ComponentResourceLocation componentResourceLocation)
   at ROSApp.Views.MainPage.InitializeComponent() in E:\github\对象存储\ROS-APP\obj\Release\net8.0-windows10.0.19041.0\Views\MainPage.g.i.cs:line 139
   at ROSApp.Views.MainPage..ctor() in E:\github\对象存储\ROS-APP\Views\MainPage.xaml.cs:line 53
   at ROSApp.ROS_APP_XamlTypeInfo.XamlTypeInfoProvider.Activate_15_MainPage() in E:\github\对象存储\ROS-APP\obj\Release\net8.0-windows10.0.19041.0\XamlTypeInfo.g.cs:line 333
   at ROSApp.ROS_APP_XamlTypeInfo.XamlUserType.ActivateInstance() in E:\github\对象存储\ROS-APP\obj\Release\net8.0-windows10.0.19041.0\XamlTypeInfo.g.cs:line 1364
   at ABI.Microsoft.UI.Xaml.Markup.IXamlType.Do_Abi_ActivateInstance_13(IntPtr thisPtr, IntPtr* result)
--- End of stack trace from previous location ---
   at WinRT.ExceptionHelpers.<ThrowExceptionForHR>g__Throw|38_0(Int32 hr)
   at WinRT.ExceptionHelpers.ThrowExceptionForHR(Int32 hr)
   at ABI.Microsoft.UI.Xaml.Controls.IFrameMethods.Navigate(IObjectReference _obj, Type sourcePageType, Object parameter)
   at Microsoft.UI.Xaml.Controls.Frame.Navigate(Type sourcePageType, Object parameter)
   at ROSApp.App.OnLaunched(LaunchActivatedEventArgs e) in E:\github\对象存储\ROS-APP\App.xaml.cs:line 51
   at Microsoft.UI.Xaml.Application.Microsoft.UI.Xaml.IApplicationOverrides.OnLaunched(LaunchActivatedEventArgs args)
   at ABI.Microsoft.UI.Xaml.IApplicationOverrides.Do_Abi_OnLaunched_0(IntPtr thisPtr, IntPtr args)
[2026-02-06 17:56:06] UI: Microsoft.UI.Xaml.Markup.XamlParseException: 无法找到与此错误代码关联的文本。

Cannot find a Resource with the Name/Key PageBackgroundBrush [Line: 0 Position: 0]
   at WinRT.ExceptionHelpers.<ThrowExceptionForHR>g__Throw|38_0(Int32 hr)
   at WinRT.ExceptionHelpers.ThrowExceptionForHR(Int32 hr)
   at ABI.Microsoft.UI.Xaml.IApplicationStaticsMethods.LoadComponent(IObjectReference _obj, Object component, Uri resourceLocator, ComponentResourceLocation componentResourceLocation)
   at Microsoft.UI.Xaml.Application.LoadComponent(Object component, Uri resourceLocator, ComponentResourceLocation componentResourceLocation)
   at ROSApp.Views.MainPage.InitializeComponent() in E:\github\对象存储\ROS-APP\obj\Release\net8.0-windows10.0.19041.0\Views\MainPage.g.i.cs:line 139
   at ROSApp.Views.MainPage..ctor() in E:\github\对象存储\ROS-APP\Views\MainPage.xaml.cs:line 53
   at ROSApp.ROS_APP_XamlTypeInfo.XamlTypeInfoProvider.Activate_15_MainPage() in E:\github\对象存储\ROS-APP\obj\Release\net8.0-windows10.0.19041.0\XamlTypeInfo.g.cs:line 333
   at ROSApp.ROS_APP_XamlTypeInfo.XamlUserType.ActivateInstance() in E:\github\对象存储\ROS-APP\obj\Release\net8.0-windows10.0.19041.0\XamlTypeInfo.g.cs:line 1364
   at ABI.Microsoft.UI.Xaml.Markup.IXamlType.Do_Abi_ActivateInstance_13(IntPtr thisPtr, IntPtr* result)
--- End of stack trace from previous location ---
   at WinRT.ExceptionHelpers.<ThrowExceptionForHR>g__Throw|38_0(Int32 hr)
   at WinRT.ExceptionHelpers.ThrowExceptionForHR(Int32 hr)
   at ABI.Microsoft.UI.Xaml.Controls.IFrameMethods.Navigate(IObjectReference _obj, Type sourcePageType, Object parameter)
   at Microsoft.UI.Xaml.Controls.Frame.Navigate(Type sourcePageType, Object parameter)
   at ROSApp.App.OnLaunched(LaunchActivatedEventArgs e) in E:\github\对象存储\ROS-APP\App.xaml.cs:line 51
   at Microsoft.UI.Xaml.Application.Microsoft.UI.Xaml.IApplicationOverrides.OnLaunched(LaunchActivatedEventArgs args)
   at ABI.Microsoft.UI.Xaml.IApplicationOverrides.Do_Abi_OnLaunched_0(IntPtr thisPtr, IntPtr args)
